g:\tstc backup\fps_engine\engine - latest\game\debug\vc140.pdb
g:\tstc backup\fps_engine\engine - latest\game\debug\vc140.idb
g:\tstc backup\fps_engine\engine - latest\game\debug\bullet.obj
g:\tstc backup\fps_engine\engine - latest\game\debug\game.obj
g:\tstc backup\fps_engine\engine - latest\game\debug\gamematerial.obj
g:\tstc backup\fps_engine\engine - latest\game\debug\main.obj
g:\tstc backup\fps_engine\engine - latest\game\debug\menu.obj
g:\tstc backup\fps_engine\engine - latest\game\debug\playermanager.obj
g:\tstc backup\fps_engine\engine - latest\game\debug\playerobject.obj
g:\tstc backup\fps_engine\engine - latest\game\debug\weapon.obj
g:\tstc backup\fps_engine\engine - latest\game\debug\resource.res
g:\tstc backup\fps_engine\engine - latest\debug\game.exe
g:\tstc backup\fps_engine\engine - latest\game\debug\game.tlog\cl.command.1.tlog
g:\tstc backup\fps_engine\engine - latest\game\debug\game.tlog\cl.read.1.tlog
g:\tstc backup\fps_engine\engine - latest\game\debug\game.tlog\cl.write.1.tlog
g:\tstc backup\fps_engine\engine - latest\game\debug\game.tlog\link.command.1.tlog
g:\tstc backup\fps_engine\engine - latest\game\debug\game.tlog\link.read.1.tlog
g:\tstc backup\fps_engine\engine - latest\game\debug\game.tlog\link.write.1.tlog
g:\tstc backup\fps_engine\engine - latest\game\debug\game.tlog\rc.command.1.tlog
g:\tstc backup\fps_engine\engine - latest\game\debug\game.tlog\rc.read.1.tlog
g:\tstc backup\fps_engine\engine - latest\game\debug\game.tlog\rc.write.1.tlog
