g:\tstc backup\fps_engine\engine - latest\engine\release\engine.pdb
g:\tstc backup\fps_engine\engine - latest\engine\release\viewfrustum.obj
g:\tstc backup\fps_engine\engine - latest\engine\release\state.obj
g:\tstc backup\fps_engine\engine - latest\engine\release\spawnerobject.obj
g:\tstc backup\fps_engine\engine - latest\engine\release\scripting.obj
g:\tstc backup\fps_engine\engine - latest\engine\release\sceneobject.obj
g:\tstc backup\fps_engine\engine - latest\engine\release\scenemanager.obj
g:\tstc backup\fps_engine\engine - latest\engine\release\rendercache.obj
g:\tstc backup\fps_engine\engine - latest\engine\release\network.obj
g:\tstc backup\fps_engine\engine - latest\engine\release\mesh.obj
g:\tstc backup\fps_engine\engine - latest\engine\release\material.obj
g:\tstc backup\fps_engine\engine - latest\engine\release\input.obj
g:\tstc backup\fps_engine\engine - latest\engine\release\font.obj
g:\tstc backup\fps_engine\engine - latest\engine\release\engine.obj
g:\tstc backup\fps_engine\engine - latest\engine\release\deviceenumeration.obj
g:\tstc backup\fps_engine\engine - latest\engine\release\boundingvolume.obj
g:\tstc backup\fps_engine\engine - latest\engine\release\animatedobject.obj
g:\tstc backup\fps_engine\engine - latest\release\engine.lib
g:\tstc backup\fps_engine\engine - latest\engine\release\resource.res
g:\tstc backup\fps_engine\engine - latest\engine\release\engine.tlog\cl.command.1.tlog
g:\tstc backup\fps_engine\engine - latest\engine\release\engine.tlog\cl.read.1.tlog
g:\tstc backup\fps_engine\engine - latest\engine\release\engine.tlog\cl.write.1.tlog
g:\tstc backup\fps_engine\engine - latest\engine\release\engine.tlog\lib-link-cvtres.read.1.tlog
g:\tstc backup\fps_engine\engine - latest\engine\release\engine.tlog\lib-link-cvtres.write.1.tlog
g:\tstc backup\fps_engine\engine - latest\engine\release\engine.tlog\lib.command.1.tlog
g:\tstc backup\fps_engine\engine - latest\engine\release\engine.tlog\rc.command.1.tlog
g:\tstc backup\fps_engine\engine - latest\engine\release\engine.tlog\rc.read.1.tlog
g:\tstc backup\fps_engine\engine - latest\engine\release\engine.tlog\rc.write.1.tlog
