g:\tstc backup\fps_engine\engine - latest\game\release\vc140.pdb
g:\tstc backup\fps_engine\engine - latest\game\release\weapon.obj
g:\tstc backup\fps_engine\engine - latest\game\release\playerobject.obj
g:\tstc backup\fps_engine\engine - latest\game\release\playermanager.obj
g:\tstc backup\fps_engine\engine - latest\game\release\menu.obj
g:\tstc backup\fps_engine\engine - latest\game\release\main.obj
g:\tstc backup\fps_engine\engine - latest\game\release\gamematerial.obj
g:\tstc backup\fps_engine\engine - latest\game\release\game.obj
g:\tstc backup\fps_engine\engine - latest\game\release\bullet.obj
g:\tstc backup\fps_engine\engine - latest\release\game.exe
g:\tstc backup\fps_engine\engine - latest\release\game.pdb
g:\tstc backup\fps_engine\engine - latest\game\release\resource.res
g:\tstc backup\fps_engine\engine - latest\game\release\game.tlog\cl.command.1.tlog
g:\tstc backup\fps_engine\engine - latest\game\release\game.tlog\cl.read.1.tlog
g:\tstc backup\fps_engine\engine - latest\game\release\game.tlog\cl.write.1.tlog
g:\tstc backup\fps_engine\engine - latest\game\release\game.tlog\link.command.1.tlog
g:\tstc backup\fps_engine\engine - latest\game\release\game.tlog\link.read.1.tlog
g:\tstc backup\fps_engine\engine - latest\game\release\game.tlog\link.write.1.tlog
g:\tstc backup\fps_engine\engine - latest\game\release\game.tlog\rc.command.1.tlog
g:\tstc backup\fps_engine\engine - latest\game\release\game.tlog\rc.read.1.tlog
g:\tstc backup\fps_engine\engine - latest\game\release\game.tlog\rc.write.1.tlog
