c:\users\tltimmins\desktop\openal\freealut-master\freealut-master\admin\visualstudiodotnet\alut\debug\alut.lib
c:\users\tltimmins\desktop\openal\freealut-master\freealut-master\admin\visualstudiodotnet\alut\debug\alut.exp
c:\users\tltimmins\desktop\openal\freealut-master\freealut-master\admin\visualstudiodotnet\alut\debug\vc120.pdb
c:\users\tltimmins\desktop\openal\freealut-master\freealut-master\admin\visualstudiodotnet\alut\debug\vc120.idb
c:\users\tltimmins\desktop\openal\freealut-master\freealut-master\admin\visualstudiodotnet\alut\debug\alutbufferdata.obj
c:\users\tltimmins\desktop\openal\freealut-master\freealut-master\admin\visualstudiodotnet\alut\debug\alutcodec.obj
c:\users\tltimmins\desktop\openal\freealut-master\freealut-master\admin\visualstudiodotnet\alut\debug\aluterror.obj
c:\users\tltimmins\desktop\openal\freealut-master\freealut-master\admin\visualstudiodotnet\alut\debug\alutinit.obj
c:\users\tltimmins\desktop\openal\freealut-master\freealut-master\admin\visualstudiodotnet\alut\debug\alutinputstream.obj
c:\users\tltimmins\desktop\openal\freealut-master\freealut-master\admin\visualstudiodotnet\alut\debug\alutloader.obj
c:\users\tltimmins\desktop\openal\freealut-master\freealut-master\admin\visualstudiodotnet\alut\debug\alutoutputstream.obj
c:\users\tltimmins\desktop\openal\freealut-master\freealut-master\admin\visualstudiodotnet\alut\debug\alututil.obj
c:\users\tltimmins\desktop\openal\freealut-master\freealut-master\admin\visualstudiodotnet\alut\debug\alutversion.obj
c:\users\tltimmins\desktop\openal\freealut-master\freealut-master\admin\visualstudiodotnet\alut\debug\alutwaveform.obj
c:\users\tltimmins\desktop\openal\freealut-master\freealut-master\admin\visualstudiodotnet\alut\debug\alut.ilk
c:\users\tltimmins\desktop\openal\freealut-master\freealut-master\admin\visualstudiodotnet\alut\debug\alut.dll
c:\users\tltimmins\desktop\openal\freealut-master\freealut-master\admin\visualstudiodotnet\alut\debug\alut.pdb
c:\users\tltimmins\desktop\openal\freealut-master\freealut-master\admin\visualstudiodotnet\alut\debug\alut.tlog\alut.write.1u.tlog
c:\users\tltimmins\desktop\openal\freealut-master\freealut-master\admin\visualstudiodotnet\alut\debug\alut.tlog\cl.command.1.tlog
c:\users\tltimmins\desktop\openal\freealut-master\freealut-master\admin\visualstudiodotnet\alut\debug\alut.tlog\cl.read.1.tlog
c:\users\tltimmins\desktop\openal\freealut-master\freealut-master\admin\visualstudiodotnet\alut\debug\alut.tlog\cl.write.1.tlog
c:\users\tltimmins\desktop\openal\freealut-master\freealut-master\admin\visualstudiodotnet\alut\debug\alut.tlog\link.command.1.tlog
c:\users\tltimmins\desktop\openal\freealut-master\freealut-master\admin\visualstudiodotnet\alut\debug\alut.tlog\link.read.1.tlog
c:\users\tltimmins\desktop\openal\freealut-master\freealut-master\admin\visualstudiodotnet\alut\debug\alut.tlog\link.write.1.tlog
