c:\users\tstc-alien\documents\visual studio 2013\projects\aengine\aengine\debug\vc120.pdb
c:\users\tstc-alien\documents\visual studio 2013\projects\aengine\aengine\debug\vc120.idb
c:\users\tstc-alien\documents\visual studio 2013\projects\aengine\aengine\debug\animatedobject.obj
c:\users\tstc-alien\documents\visual studio 2013\projects\aengine\aengine\debug\boundingvolume.obj
c:\users\tstc-alien\documents\visual studio 2013\projects\aengine\aengine\debug\deviceenumeration.obj
c:\users\tstc-alien\documents\visual studio 2013\projects\aengine\aengine\debug\font.obj
c:\users\tstc-alien\documents\visual studio 2013\projects\aengine\aengine\debug\input.obj
c:\users\tstc-alien\documents\visual studio 2013\projects\aengine\aengine\debug\material.obj
c:\users\tstc-alien\documents\visual studio 2013\projects\aengine\aengine\debug\mesh.obj
c:\users\tstc-alien\documents\visual studio 2013\projects\aengine\aengine\debug\network.obj
c:\users\tstc-alien\documents\visual studio 2013\projects\aengine\aengine\debug\rendercache.obj
c:\users\tstc-alien\documents\visual studio 2013\projects\aengine\aengine\debug\scenemanager.obj
c:\users\tstc-alien\documents\visual studio 2013\projects\aengine\aengine\debug\sceneobject.obj
c:\users\tstc-alien\documents\visual studio 2013\projects\aengine\aengine\debug\scripting.obj
c:\users\tstc-alien\documents\visual studio 2013\projects\aengine\aengine\debug\soundsystem.obj
c:\users\tstc-alien\documents\visual studio 2013\projects\aengine\aengine\debug\state.obj
c:\users\tstc-alien\documents\visual studio 2013\projects\aengine\aengine\debug\viewfrustum.obj
c:\users\tstc-alien\documents\visual studio 2013\projects\aengine\aengine\debug\engine.obj
c:\users\tstc-alien\documents\visual studio 2013\projects\aengine\aengine\debug\spawnerobject.obj
c:\users\tstc-alien\documents\visual studio 2013\projects\aengine\debug\aengine.lib
c:\users\tstc-alien\documents\visual studio 2013\projects\aengine\aengine\debug\resource.res
c:\users\tstc-alien\documents\visual studio 2013\projects\aengine\debug\aengine.pdb
c:\users\tstc-alien\documents\visual studio 2013\projects\aengine\aengine\debug\aengine.tlog\cl.command.1.tlog
c:\users\tstc-alien\documents\visual studio 2013\projects\aengine\aengine\debug\aengine.tlog\cl.read.1.tlog
c:\users\tstc-alien\documents\visual studio 2013\projects\aengine\aengine\debug\aengine.tlog\cl.write.1.tlog
c:\users\tstc-alien\documents\visual studio 2013\projects\aengine\aengine\debug\aengine.tlog\lib-link-cvtres.read.1.tlog
c:\users\tstc-alien\documents\visual studio 2013\projects\aengine\aengine\debug\aengine.tlog\lib-link-cvtres.write.1.tlog
c:\users\tstc-alien\documents\visual studio 2013\projects\aengine\aengine\debug\aengine.tlog\lib.command.1.tlog
c:\users\tstc-alien\documents\visual studio 2013\projects\aengine\aengine\debug\aengine.tlog\link-cvtres.read.1.tlog
c:\users\tstc-alien\documents\visual studio 2013\projects\aengine\aengine\debug\aengine.tlog\link-cvtres.write.1.tlog
c:\users\tstc-alien\documents\visual studio 2013\projects\aengine\aengine\debug\aengine.tlog\link-rc.read.1.tlog
c:\users\tstc-alien\documents\visual studio 2013\projects\aengine\aengine\debug\aengine.tlog\link-rc.write.1.tlog
c:\users\tstc-alien\documents\visual studio 2013\projects\aengine\aengine\debug\aengine.tlog\link.command.1.tlog
c:\users\tstc-alien\documents\visual studio 2013\projects\aengine\aengine\debug\aengine.tlog\link.read.1.tlog
c:\users\tstc-alien\documents\visual studio 2013\projects\aengine\aengine\debug\aengine.tlog\link.write.1.tlog
c:\users\tstc-alien\documents\visual studio 2013\projects\aengine\aengine\debug\aengine.tlog\rc.command.1.tlog
c:\users\tstc-alien\documents\visual studio 2013\projects\aengine\aengine\debug\aengine.tlog\rc.read.1.tlog
c:\users\tstc-alien\documents\visual studio 2013\projects\aengine\aengine\debug\aengine.tlog\rc.write.1.tlog
