g:\tstc backup\fps_engine\engine - latest\engine\debug\engine.pdb
g:\tstc backup\fps_engine\engine - latest\engine\debug\engine.idb
g:\tstc backup\fps_engine\engine - latest\engine\debug\animatedobject.obj
g:\tstc backup\fps_engine\engine - latest\engine\debug\boundingvolume.obj
g:\tstc backup\fps_engine\engine - latest\engine\debug\deviceenumeration.obj
g:\tstc backup\fps_engine\engine - latest\engine\debug\engine.obj
g:\tstc backup\fps_engine\engine - latest\engine\debug\font.obj
g:\tstc backup\fps_engine\engine - latest\engine\debug\input.obj
g:\tstc backup\fps_engine\engine - latest\engine\debug\material.obj
g:\tstc backup\fps_engine\engine - latest\engine\debug\mesh.obj
g:\tstc backup\fps_engine\engine - latest\engine\debug\network.obj
g:\tstc backup\fps_engine\engine - latest\engine\debug\rendercache.obj
g:\tstc backup\fps_engine\engine - latest\engine\debug\scenemanager.obj
g:\tstc backup\fps_engine\engine - latest\engine\debug\sceneobject.obj
g:\tstc backup\fps_engine\engine - latest\engine\debug\scripting.obj
g:\tstc backup\fps_engine\engine - latest\engine\debug\spawnerobject.obj
g:\tstc backup\fps_engine\engine - latest\engine\debug\state.obj
g:\tstc backup\fps_engine\engine - latest\engine\debug\viewfrustum.obj
g:\tstc backup\fps_engine\engine - latest\debug\engine.lib
g:\tstc backup\fps_engine\engine - latest\engine\debug\resource.res
g:\tstc backup\fps_engine\engine - latest\debug\engine.pdb
g:\tstc backup\fps_engine\engine - latest\engine\debug\engine.tlog\cl.command.1.tlog
g:\tstc backup\fps_engine\engine - latest\engine\debug\engine.tlog\cl.read.1.tlog
g:\tstc backup\fps_engine\engine - latest\engine\debug\engine.tlog\cl.write.1.tlog
g:\tstc backup\fps_engine\engine - latest\engine\debug\engine.tlog\lib-link-cvtres.read.1.tlog
g:\tstc backup\fps_engine\engine - latest\engine\debug\engine.tlog\lib-link-cvtres.write.1.tlog
g:\tstc backup\fps_engine\engine - latest\engine\debug\engine.tlog\lib.command.1.tlog
g:\tstc backup\fps_engine\engine - latest\engine\debug\engine.tlog\rc.command.1.tlog
g:\tstc backup\fps_engine\engine - latest\engine\debug\engine.tlog\rc.read.1.tlog
g:\tstc backup\fps_engine\engine - latest\engine\debug\engine.tlog\rc.write.1.tlog
